app/wearos/build/intermediates/manifest_merge_blame_file/debug/processDebugMainManifest/manifest-merger-blame-debug-report.txt
1<?xml version="1.0" encoding="utf-8"?>
2<manifest xmlns:android="http://schemas.android.com/apk/res/android"
3    package="com.example.wearos"
4    android:versionCode="1"
5    android:versionName="1.0" >
6
7    <uses-sdk
8        android:minSdkVersion="30"
9        android:targetSdkVersion="35" />
10
11    <uses-feature android:name="android.hardware.type.watch" />
11-->src\main\AndroidManifest.xml:4:5-64
11-->src\main\AndroidManifest.xml:4:19-61
12
13    <uses-permission android:name="android.permission.WAKE_LOCK" />
13-->src\main\AndroidManifest.xml:6:5-68
13-->src\main\AndroidManifest.xml:6:22-65
14
15    <queries>
15-->[androidx.wear.tiles:tiles:1.4.0] AndroidManifest.xml:7:5-11:15
16        <intent>
16-->[androidx.wear.tiles:tiles:1.4.0] AndroidManifest.xml:8:9-10:18
17            <action android:name="androidx.wear.tiles.action.BIND_UPDATE_REQUESTER" />
17-->[androidx.wear.tiles:tiles:1.4.0] AndroidManifest.xml:9:13-87
17-->[androidx.wear.tiles:tiles:1.4.0] AndroidManifest.xml:9:21-84
18        </intent>
19    </queries>
20
21    <permission
21-->[androidx.core:core:1.13.1] AndroidManifest.xml:22:5-24:47
22        android:name="com.example.wearos.DYNAMIC_RECEIVER_NOT_EXPORTED_PERMISSION"
22-->[androidx.core:core:1.13.1] AndroidManifest.xml:23:9-81
23        android:protectionLevel="signature" />
23-->[androidx.core:core:1.13.1] AndroidManifest.xml:24:9-44
24
25    <uses-permission android:name="com.example.wearos.DYNAMIC_RECEIVER_NOT_EXPORTED_PERMISSION" />
25-->[androidx.core:core:1.13.1] AndroidManifest.xml:26:5-97
25-->[androidx.core:core:1.13.1] AndroidManifest.xml:26:22-94
26
27    <application
27-->src\main\AndroidManifest.xml:8:5-66:19
28        android:allowBackup="true"
28-->src\main\AndroidManifest.xml:9:9-35
29        android:appComponentFactory="androidx.core.app.CoreComponentFactory"
29-->[androidx.core:core:1.13.1] AndroidManifest.xml:28:18-86
30        android:debuggable="true"
31        android:extractNativeLibs="false"
32        android:icon="@mipmap/ic_launcher"
32-->src\main\AndroidManifest.xml:10:9-43
33        android:label="@string/app_name"
33-->src\main\AndroidManifest.xml:11:9-41
34        android:supportsRtl="true"
34-->src\main\AndroidManifest.xml:12:9-35
35        android:testOnly="true"
36        android:theme="@android:style/Theme.DeviceDefault" >
36-->src\main\AndroidManifest.xml:13:9-59
37        <service
37-->src\main\AndroidManifest.xml:14:9-29:19
38            android:name="com.example.wearos.complication.MainComplicationService"
38-->src\main\AndroidManifest.xml:15:13-65
39            android:exported="true"
39-->src\main\AndroidManifest.xml:16:13-36
40            android:label="@string/complication_label"
40-->src\main\AndroidManifest.xml:17:13-55
41            android:permission="com.google.android.wearable.permission.BIND_COMPLICATION_PROVIDER" >
41-->src\main\AndroidManifest.xml:18:13-99
42            <intent-filter>
42-->src\main\AndroidManifest.xml:19:13-21:29
43                <action android:name="android.support.wearable.complications.ACTION_COMPLICATION_UPDATE_REQUEST" />
43-->src\main\AndroidManifest.xml:20:17-116
43-->src\main\AndroidManifest.xml:20:25-113
44            </intent-filter>
45
46            <meta-data
46-->src\main\AndroidManifest.xml:23:13-25:46
47                android:name="android.support.wearable.complications.SUPPORTED_TYPES"
47-->src\main\AndroidManifest.xml:24:17-86
48                android:value="SHORT_TEXT" />
48-->src\main\AndroidManifest.xml:25:17-43
49            <meta-data
49-->src\main\AndroidManifest.xml:26:13-28:37
50                android:name="android.support.wearable.complications.UPDATE_PERIOD_SECONDS"
50-->src\main\AndroidManifest.xml:27:17-92
51                android:value="0" />
51-->src\main\AndroidManifest.xml:28:17-34
52        </service>
53        <service
53-->src\main\AndroidManifest.xml:30:9-42:19
54            android:name="com.example.wearos.tile.MainTileService"
54-->src\main\AndroidManifest.xml:31:13-49
55            android:exported="true"
55-->src\main\AndroidManifest.xml:32:13-36
56            android:label="@string/tile_label"
56-->src\main\AndroidManifest.xml:33:13-47
57            android:permission="com.google.android.wearable.permission.BIND_TILE_PROVIDER" >
57-->src\main\AndroidManifest.xml:34:13-91
58            <intent-filter>
58-->src\main\AndroidManifest.xml:35:13-37:29
59                <action android:name="androidx.wear.tiles.action.BIND_TILE_PROVIDER" />
59-->src\main\AndroidManifest.xml:36:17-88
59-->src\main\AndroidManifest.xml:36:25-85
60            </intent-filter>
61
62            <meta-data
62-->src\main\AndroidManifest.xml:39:13-41:61
63                android:name="androidx.wear.tiles.PREVIEW"
63-->src\main\AndroidManifest.xml:40:17-59
64                android:resource="@drawable/tile_preview" />
64-->src\main\AndroidManifest.xml:41:17-58
65        </service>
66
67        <uses-library
67-->src\main\AndroidManifest.xml:44:9-46:39
68            android:name="com.google.android.wearable"
68-->src\main\AndroidManifest.xml:45:13-55
69            android:required="true" />
69-->src\main\AndroidManifest.xml:46:13-36
70        <!--
71               Set to true if your app is Standalone, that is, it does not require the handheld
72               app to run.
73        -->
74        <meta-data
74-->src\main\AndroidManifest.xml:51:9-53:36
75            android:name="com.google.android.wearable.standalone"
75-->src\main\AndroidManifest.xml:52:13-66
76            android:value="true" />
76-->src\main\AndroidManifest.xml:53:13-33
77
78        <activity
78-->src\main\AndroidManifest.xml:55:9-65:20
79            android:name="com.example.wearos.presentation.MainActivity"
79-->src\main\AndroidManifest.xml:56:13-54
80            android:exported="true"
80-->src\main\AndroidManifest.xml:57:13-36
81            android:taskAffinity=""
81-->src\main\AndroidManifest.xml:58:13-36
82            android:theme="@style/MainActivityTheme.Starting" >
82-->src\main\AndroidManifest.xml:59:13-62
83            <intent-filter>
83-->src\main\AndroidManifest.xml:60:13-64:29
84                <action android:name="android.intent.action.MAIN" />
84-->src\main\AndroidManifest.xml:61:17-69
84-->src\main\AndroidManifest.xml:61:25-66
85
86                <category android:name="android.intent.category.LAUNCHER" />
86-->src\main\AndroidManifest.xml:63:17-77
86-->src\main\AndroidManifest.xml:63:27-74
87            </intent-filter>
88        </activity>
89
90        <uses-library
90-->[androidx.wear.tiles:tiles:1.4.0] AndroidManifest.xml:14:9-16:40
91            android:name="wear-sdk"
91-->[androidx.wear.tiles:tiles:1.4.0] AndroidManifest.xml:15:13-36
92            android:required="false" />
92-->[androidx.wear.tiles:tiles:1.4.0] AndroidManifest.xml:16:13-37
93
94        <activity
94-->[androidx.compose.ui:ui-tooling-android:1.7.0] AndroidManifest.xml:23:9-25:39
95            android:name="androidx.compose.ui.tooling.PreviewActivity"
95-->[androidx.compose.ui:ui-tooling-android:1.7.0] AndroidManifest.xml:24:13-71
96            android:exported="true" />
96-->[androidx.compose.ui:ui-tooling-android:1.7.0] AndroidManifest.xml:25:13-36
97        <activity
97-->[androidx.compose.ui:ui-test-manifest:1.7.0] AndroidManifest.xml:23:9-25:39
98            android:name="androidx.activity.ComponentActivity"
98-->[androidx.compose.ui:ui-test-manifest:1.7.0] AndroidManifest.xml:24:13-63
99            android:exported="true" />
99-->[androidx.compose.ui:ui-test-manifest:1.7.0] AndroidManifest.xml:25:13-36
100        <activity
100-->[com.google.android.gms:play-services-base:18.0.1] AndroidManifest.xml:20:9-22:45
101            android:name="com.google.android.gms.common.api.GoogleApiActivity"
101-->[com.google.android.gms:play-services-base:18.0.1] AndroidManifest.xml:20:19-85
102            android:exported="false"
102-->[com.google.android.gms:play-services-base:18.0.1] AndroidManifest.xml:22:19-43
103            android:theme="@android:style/Theme.Translucent.NoTitleBar" />
103-->[com.google.android.gms:play-services-base:18.0.1] AndroidManifest.xml:21:19-78
104
105        <meta-data
105-->[com.google.android.gms:play-services-basement:18.0.0] AndroidManifest.xml:21:9-23:69
106            android:name="com.google.android.gms.version"
106-->[com.google.android.gms:play-services-basement:18.0.0] AndroidManifest.xml:22:13-58
107            android:value="@integer/google_play_services_version" />
107-->[com.google.android.gms:play-services-basement:18.0.0] AndroidManifest.xml:23:13-66
108
109        <provider
109-->[androidx.emoji2:emoji2:1.3.0] AndroidManifest.xml:24:9-32:20
110            android:name="androidx.startup.InitializationProvider"
110-->[androidx.emoji2:emoji2:1.3.0] AndroidManifest.xml:25:13-67
111            android:authorities="com.example.wearos.androidx-startup"
111-->[androidx.emoji2:emoji2:1.3.0] AndroidManifest.xml:26:13-68
112            android:exported="false" >
112-->[androidx.emoji2:emoji2:1.3.0] AndroidManifest.xml:27:13-37
113            <meta-data
113-->[androidx.emoji2:emoji2:1.3.0] AndroidManifest.xml:29:13-31:52
114                android:name="androidx.emoji2.text.EmojiCompatInitializer"
114-->[androidx.emoji2:emoji2:1.3.0] AndroidManifest.xml:30:17-75
115                android:value="androidx.startup" />
115-->[androidx.emoji2:emoji2:1.3.0] AndroidManifest.xml:31:17-49
116            <meta-data
116-->[androidx.lifecycle:lifecycle-process:2.8.3] AndroidManifest.xml:29:13-31:52
117                android:name="androidx.lifecycle.ProcessLifecycleInitializer"
117-->[androidx.lifecycle:lifecycle-process:2.8.3] AndroidManifest.xml:30:17-78
118                android:value="androidx.startup" />
118-->[androidx.lifecycle:lifecycle-process:2.8.3] AndroidManifest.xml:31:17-49
119            <meta-data
119-->[androidx.profileinstaller:profileinstaller:1.4.0] AndroidManifest.xml:29:13-31:52
120                android:name="androidx.profileinstaller.ProfileInstallerInitializer"
120-->[androidx.profileinstaller:profileinstaller:1.4.0] AndroidManifest.xml:30:17-85
121                android:value="androidx.startup" />
121-->[androidx.profileinstaller:profileinstaller:1.4.0] AndroidManifest.xml:31:17-49
122        </provider>
123
124        <receiver
124-->[androidx.profileinstaller:profileinstaller:1.4.0] AndroidManifest.xml:34:9-52:20
125            android:name="androidx.profileinstaller.ProfileInstallReceiver"
125-->[androidx.profileinstaller:profileinstaller:1.4.0] AndroidManifest.xml:35:13-76
126            android:directBootAware="false"
126-->[androidx.profileinstaller:profileinstaller:1.4.0] AndroidManifest.xml:36:13-44
127            android:enabled="true"
127-->[androidx.profileinstaller:profileinstaller:1.4.0] AndroidManifest.xml:37:13-35
128            android:exported="true"
128-->[androidx.profileinstaller:profileinstaller:1.4.0] AndroidManifest.xml:38:13-36
129            android:permission="android.permission.DUMP" >
129-->[androidx.profileinstaller:profileinstaller:1.4.0] AndroidManifest.xml:39:13-57
130            <intent-filter>
130-->[androidx.profileinstaller:profileinstaller:1.4.0] AndroidManifest.xml:40:13-42:29
131                <action android:name="androidx.profileinstaller.action.INSTALL_PROFILE" />
131-->[androidx.profileinstaller:profileinstaller:1.4.0] AndroidManifest.xml:41:17-91
131-->[androidx.profileinstaller:profileinstaller:1.4.0] AndroidManifest.xml:41:25-88
132            </intent-filter>
133            <intent-filter>
133-->[androidx.profileinstaller:profileinstaller:1.4.0] AndroidManifest.xml:43:13-45:29
134                <action android:name="androidx.profileinstaller.action.SKIP_FILE" />
134-->[androidx.profileinstaller:profileinstaller:1.4.0] AndroidManifest.xml:44:17-85
134-->[androidx.profileinstaller:profileinstaller:1.4.0] AndroidManifest.xml:44:25-82
135            </intent-filter>
136            <intent-filter>
136-->[androidx.profileinstaller:profileinstaller:1.4.0] AndroidManifest.xml:46:13-48:29
137                <action android:name="androidx.profileinstaller.action.SAVE_PROFILE" />
137-->[androidx.profileinstaller:profileinstaller:1.4.0] AndroidManifest.xml:47:17-88
137-->[androidx.profileinstaller:profileinstaller:1.4.0] AndroidManifest.xml:47:25-85
138            </intent-filter>
139            <intent-filter>
139-->[androidx.profileinstaller:profileinstaller:1.4.0] AndroidManifest.xml:49:13-51:29
140                <action android:name="androidx.profileinstaller.action.BENCHMARK_OPERATION" />
140-->[androidx.profileinstaller:profileinstaller:1.4.0] AndroidManifest.xml:50:17-95
140-->[androidx.profileinstaller:profileinstaller:1.4.0] AndroidManifest.xml:50:25-92
141            </intent-filter>
142        </receiver>
143    </application>
144
145</manifest>